  .   ____          _            __ _ _
 /\\ / ___'_ __ _ _(_)_ __  __ _ \ \ \ \
( ( )\___ | '_ | '_| | '_ \/ _` | \ \ \ \
 \\/  ___)| |_)| | | | | || (_| |  ) ) ) )
  '  |____| .__|_| |_|_| |_\__, | / / / /
 =========|_|==============|___/=/_/_/_/
 :: Spring Boot ::                (v2.7.5)

2023-01-16 12:27:41.573  INFO 78 --- [           main] c.f.g.f.g.e.TokenValidationExceptionTest : Starting TokenValidationExceptionTest using Java 17.0.5 on runner-j2nyww-s-project-40476781-concurrent-0 with PID 78 (started by root in /builds/lavandes/backend)
2023-01-16 12:27:41.579  INFO 78 --- [           main] c.f.g.f.g.e.TokenValidationExceptionTest : No active profile set, falling back to 1 default profile: "default"
2023-01-16 12:27:43.851  INFO 78 --- [           main] .s.d.r.c.RepositoryConfigurationDelegate : Bootstrapping Spring Data JPA repositories in DEFAULT mode.
2023-01-16 12:27:44.044  INFO 78 --- [           main] .s.d.r.c.RepositoryConfigurationDelegate : Finished Spring Data repository scanning in 175 ms. Found 5 JPA repository interfaces.
2023-01-16 12:27:46.045  INFO 78 --- [           main] o.hibernate.jpa.internal.util.LogHelper  : HHH000204: Processing PersistenceUnitInfo [name: default]
2023-01-16 12:27:46.142  INFO 78 --- [           main] org.hibernate.Version                    : HHH000412: Hibernate ORM core version 5.6.12.Final
2023-01-16 12:27:46.512  INFO 78 --- [           main] o.hibernate.annotations.common.Version   : HCANN000001: Hibernate Commons Annotations {5.1.2.Final}
2023-01-16 12:27:46.762  INFO 78 --- [           main] com.zaxxer.hikari.HikariDataSource       : HikariPool-1 - Starting...
2023-01-16 12:27:48.749  INFO 78 --- [           main] com.zaxxer.hikari.HikariDataSource       : HikariPool-1 - Start completed.
2023-01-16 12:27:48.775  INFO 78 --- [           main] org.hibernate.dialect.Dialect            : HHH000400: Using dialect: org.hibernate.dialect.MySQL5Dialect
Hibernate: alter table `locations` add constraint `FKiks0viu3x6ug7gtcjw12hf7i9` foreign key (`image_id`) references `files` (`id`)
Hibernate: alter table `reservations` add constraint `FKki96cfn0upus8xmsiw7vjnfeb` foreign key (`location_id`) references `locations` (`id`)
Hibernate: alter table `reservations` add constraint `FKbqc054ubmoqj00bl3mey759qx` foreign key (`user_id`) references `users` (`id`)
Hibernate: alter table `users` add constraint `FKp5sxbjiwpsgy5kuqrhpqi5tod` foreign key (`role_id`) references `roles` (`id`)
2023-01-16 12:27:51.888  INFO 78 --- [           main] o.h.e.t.j.p.i.JtaPlatformInitiator       : HHH000490: Using JtaPlatform implementation: [org.hibernate.engine.transaction.jta.platform.internal.NoJtaPlatform]
2023-01-16 12:27:51.901  INFO 78 --- [           main] j.LocalContainerEntityManagerFactoryBean : Initialized JPA EntityManagerFactory for persistence unit 'default'
2023-01-16 12:27:55.760  WARN 78 --- [           main] .s.s.UserDetailsServiceAutoConfiguration : 

Using generated security password: 5528884f-cf49-43ba-a3b5-9c60e80a9e40

This generated password is for development use only. Your security configuration must be updated before running your application in production.

2023-01-16 12:27:56.542  WARN 78 --- [           main] JpaBaseConfiguration$JpaWebConfiguration : spring.jpa.open-in-view is enabled by default. Therefore, database queries may be performed during view rendering. Explicitly configure spring.jpa.open-in-view to disable this warning
2023-01-16 12:28:00.204  INFO 78 --- [           main] o.s.s.web.DefaultSecurityFilterChain     : Will secure any request with [org.springframework.security.web.session.DisableEncodeUrlFilter@24bc52ce, org.springframework.security.web.context.request.async.WebAsyncManagerIntegrationFilter@40949bb0, org.springframework.security.web.context.SecurityContextPersistenceFilter@16a7af5d, org.springframework.security.web.header.HeaderWriterFilter@4fb3c670, org.springframework.web.filter.CorsFilter@70028163, org.springframework.security.web.authentication.logout.LogoutFilter@6c04310f, com.feliiks.gardons.security.JwtAuthenticationFilter@7ed0e5db, org.springframework.security.web.savedrequest.RequestCacheAwareFilter@62d818c6, org.springframework.security.web.servletapi.SecurityContextHolderAwareRequestFilter@18487f92, org.springframework.security.web.authentication.AnonymousAuthenticationFilter@38bce2ed, org.springframework.security.web.session.SessionManagementFilter@14a488ed, org.springframework.security.web.access.ExceptionTranslationFilter@41f84bb1, org.springframework.security.web.access.intercept.AuthorizationFilter@2dbfb843]
2023-01-16 12:28:01.987  INFO 78 --- [           main] c.f.g.f.g.e.TokenValidationExceptionTest : Started TokenValidationExceptionTest in 21.154 seconds (JVM running for 24.167)
[INFO] Tests run: 1, Failures: 0, Errors: 0, Skipped: 0, Time elapsed: 22.975 s - in com.feliiks.gardons.feliiks.gardons.exceptions.TokenValidationExceptionTest
[INFO] Running com.feliiks.gardons.feliiks.gardons.exceptions.AuthenticationExceptionTest
2023-01-16 12:28:02.433  INFO 78 --- [           main] .b.t.c.SpringBootTestContextBootstrapper : Neither @ContextConfiguration nor @ContextHierarchy found for test class [com.feliiks.gardons.feliiks.gardons.exceptions.AuthenticationExceptionTest], using SpringBootContextLoader
2023-01-16 12:28:02.435  INFO 78 --- [           main] o.s.t.c.support.AbstractContextLoader    : Could not detect default resource locations for test class [com.feliiks.gardons.feliiks.gardons.exceptions.AuthenticationExceptionTest]: no resource found for suffixes {-context.xml, Context.groovy}.
2023-01-16 12:28:02.437  INFO 78 --- [           main] t.c.s.AnnotationConfigContextLoaderUtils : Could not detect default configuration classes for test class [com.feliiks.gardons.feliiks.gardons.exceptions.AuthenticationExceptionTest]: AuthenticationExceptionTest does not declare any static, non-private, non-final, nested classes annotated with @Configuration.
2023-01-16 12:28:02.450  INFO 78 --- [           main] .b.t.c.SpringBootTestContextBootstrapper : Found @SpringBootConfiguration com.feliiks.gardons.Application for test class com.feliiks.gardons.feliiks.gardons.exceptions.AuthenticationExceptionTest
2023-01-16 12:28:02.463  INFO 78 --- [           main] .b.t.c.SpringBootTestContextBootstrapper : Loaded default TestExecutionListener class names from location [META-INF/spring.factories]: [org.springframework.boot.test.mock.mockito.MockitoTestExecutionListener, org.springframework.boot.test.mock.mockito.ResetMocksTestExecutionListener, org.springframework.boot.test.autoconfigure.restdocs.RestDocsTestExecutionListener, org.springframework.boot.test.autoconfigure.web.client.MockRestServiceServerResetTestExecutionListener, org.springframework.boot.test.autoconfigure.web.servlet.MockMvcPrintOnlyOnFailureTestExecutionListener, org.springframework.boot.test.autoconfigure.web.servlet.WebDriverTestExecutionListener, org.springframework.boot.test.autoconfigure.webservices.client.MockWebServiceServerTestExecutionListener, org.springframework.test.context.web.ServletTestExecutionListener, org.springframework.test.context.support.DirtiesContextBeforeModesTestExecutionListener, org.springframework.test.context.event.ApplicationEventsTestExecutionListener, org.springframework.test.context.support.DependencyInjectionTestExecutionListener, org.springframework.test.context.support.DirtiesContextTestExecutionListener, org.springframework.test.context.transaction.TransactionalTestExecutionListener, org.springframework.test.context.jdbc.SqlScriptsTestExecutionListener, org.springframework.test.context.event.EventPublishingTestExecutionListener]
2023-01-16 12:28:02.465  INFO 78 --- [           main] .b.t.c.SpringBootTestContextBootstrapper : Using TestExecutionListeners: [org.springframework.test.context.web.ServletTestExecutionListener@8d40f07, org.springframework.test.context.support.DirtiesContextBeforeModesTestExecutionListener@196c8b93, org.springframework.test.context.event.ApplicationEventsTestExecutionListener@307ca947, org.springframework.boot.test.mock.mockito.MockitoTestExecutionListener@61d1315b, org.springframework.boot.test.autoconfigure.SpringBootDependencyInjectionTestExecutionListener@49d5b651, org.springframework.test.context.support.DirtiesContextTestExecutionListener@34989ceb, org.springframework.test.context.transaction.TransactionalTestExecutionListener@61fb3dae, org.springframework.test.context.jdbc.SqlScriptsTestExecutionListener@9c88323, org.springframework.test.context.event.EventPublishingTestExecutionListener@6d4bdb75, org.springframework.boot.test.mock.mockito.ResetMocksTestExecutionListener@1dc47df3, org.springframework.boot.test.autoconfigure.restdocs.RestDocsTestExecutionListener@256a25a8, org.springframework.boot.test.autoconfigure.web.client.MockRestServiceServerResetTestExecutionListener@68f67bbd, org.springframework.boot.test.autoconfigure.web.servlet.MockMvcPrintOnlyOnFailureTestExecutionListener@5bd585a5, org.springframework.boot.test.autoconfigure.web.servlet.WebDriverTestExecutionListener@65c040c9, org.springframework.boot.test.autoconfigure.webservices.client.MockWebServiceServerTestExecutionListener@11736ebc]
[INFO] Tests run: 1, Failures: 0, Errors: 0, Skipped: 0, Time elapsed: 0.01 s - in com.feliiks.gardons.feliiks.gardons.exceptions.AuthenticationExceptionTest
[INFO] Running com.feliiks.gardons.feliiks.gardons.exceptions.BusinessExceptionTest
2023-01-16 12:28:02.509  INFO 78 --- [           main] .b.t.c.SpringBootTestContextBootstrapper : Neither @ContextConfiguration nor @ContextHierarchy found for test class [com.feliiks.gardons.feliiks.gardons.exceptions.BusinessExceptionTest], using SpringBootContextLoader
2023-01-16 12:28:02.514  INFO 78 --- [           main] o.s.t.c.support.AbstractContextLoader    : Could not detect default resource locations for test class [com.feliiks.gardons.feliiks.gardons.exceptions.BusinessExceptionTest]: no resource found for suffixes {-context.xml, Context.groovy}.
2023-01-16 12:28:02.517  INFO 78 --- [           main] t.c.s.AnnotationConfigContextLoaderUtils : Could not detect default configuration classes for test class [com.feliiks.gardons.feliiks.gardons.exceptions.BusinessExceptionTest]: BusinessExceptionTest does not declare any static, non-private, non-final, nested classes annotated with @Configuration.
2023-01-16 12:28:02.520  INFO 78 --- [           main] .b.t.c.SpringBootTestContextBootstrapper : Found @SpringBootConfiguration com.feliiks.gardons.Application for test class com.feliiks.gardons.feliiks.gardons.exceptions.BusinessExceptionTest
2023-01-16 12:28:02.533  INFO 78 --- [           main] .b.t.c.SpringBootTestContextBootstrapper : Loaded default TestExecutionListener class names from location [META-INF/spring.factories]: [org.springframework.boot.test.mock.mockito.MockitoTestExecutionListener, org.springframework.boot.test.mock.mockito.ResetMocksTestExecutionListener, org.springframework.boot.test.autoconfigure.restdocs.RestDocsTestExecutionListener, org.springframework.boot.test.autoconfigure.web.client.MockRestServiceServerResetTestExecutionListener, org.springframework.boot.test.autoconfigure.web.servlet.MockMvcPrintOnlyOnFailureTestExecutionListener, org.springframework.boot.test.autoconfigure.web.servlet.WebDriverTestExecutionListener, org.springframework.boot.test.autoconfigure.webservices.client.MockWebServiceServerTestExecutionListener, org.springframework.test.context.web.ServletTestExecutionListener, org.springframework.test.context.support.DirtiesContextBeforeModesTestExecutionListener, org.springframework.test.context.event.ApplicationEventsTestExecutionListener, org.springframework.test.context.support.DependencyInjectionTestExecutionListener, org.springframework.test.context.support.DirtiesContextTestExecutionListener, org.springframework.test.context.transaction.TransactionalTestExecutionListener, org.springframework.test.context.jdbc.SqlScriptsTestExecutionListener, org.springframework.test.context.event.EventPublishingTestExecutionListener]
2023-01-16 12:28:02.537  INFO 78 --- [           main] .b.t.c.SpringBootTestContextBootstrapper : Using TestExecutionListeners: [org.springframework.test.context.web.ServletTestExecutionListener@3d0c88f4, org.springframework.test.context.support.DirtiesContextBeforeModesTestExecutionListener@5aad4194, org.springframework.test.context.event.ApplicationEventsTestExecutionListener@50a1c2f3, org.springframework.boot.test.mock.mockito.MockitoTestExecutionListener@453ca7f, org.springframework.boot.test.autoconfigure.SpringBootDependencyInjectionTestExecutionListener@5d41b929, org.springframework.test.context.support.DirtiesContextTestExecutionListener@6dd0e2f4, org.springframework.test.context.transaction.TransactionalTestExecutionListener@333813e7, org.springframework.test.context.jdbc.SqlScriptsTestExecutionListener@292237cd, org.springframework.test.context.event.EventPublishingTestExecutionListener@797a5b31, org.springframework.boot.test.mock.mockito.ResetMocksTestExecutionListener@13d7d1a8, org.springframework.boot.test.autoconfigure.restdocs.RestDocsTestExecutionListener@60035f1e, org.springframework.boot.test.autoconfigure.web.client.MockRestServiceServerResetTestExecutionListener@5827908c, org.springframework.boot.test.autoconfigure.web.servlet.MockMvcPrintOnlyOnFailureTestExecutionListener@732ffb6a, org.springframework.boot.test.autoconfigure.web.servlet.WebDriverTestExecutionListener@5ed83e36, org.springframework.boot.test.autoconfigure.webservices.client.MockWebServiceServerTestExecutionListener@2459715c]
[INFO] Tests run: 1, Failures: 0, Errors: 0, Skipped: 0, Time elapsed: 0.018 s - in com.feliiks.gardons.feliiks.gardons.exceptions.BusinessExceptionTest
[INFO] Running com.feliiks.gardons.feliiks.gardons.services.ReservationServiceTests
2023-01-16 12:28:02.613  INFO 78 --- [           main] .b.t.c.SpringBootTestContextBootstrapper : Neither @ContextConfiguration nor @ContextHierarchy found for test class [com.feliiks.gardons.feliiks.gardons.services.ReservationServiceTests], using SpringBootContextLoader
2023-01-16 12:28:02.620  INFO 78 --- [           main] o.s.t.c.support.AbstractContextLoader    : Could not detect default resource locations for test class [com.feliiks.gardons.feliiks.gardons.services.ReservationServiceTests]: no resource found for suffixes {-context.xml, Context.groovy}.
2023-01-16 12:28:02.623  INFO 78 --- [           main] t.c.s.AnnotationConfigContextLoaderUtils : Could not detect default configuration classes for test class [com.feliiks.gardons.feliiks.gardons.services.ReservationServiceTests]: ReservationServiceTests does not declare any static, non-private, non-final, nested classes annotated with @Configuration.
2023-01-16 12:28:02.650  INFO 78 --- [           main] .b.t.c.SpringBootTestContextBootstrapper : Found @SpringBootConfiguration com.feliiks.gardons.Application for test class com.feliiks.gardons.feliiks.gardons.services.ReservationServiceTests
2023-01-16 12:28:02.653  INFO 78 --- [           main] .b.t.c.SpringBootTestContextBootstrapper : Loaded default TestExecutionListener class names from location [META-INF/spring.factories]: [org.springframework.boot.test.mock.mockito.MockitoTestExecutionListener, org.springframework.boot.test.mock.mockito.ResetMocksTestExecutionListener, org.springframework.boot.test.autoconfigure.restdocs.RestDocsTestExecutionListener, org.springframework.boot.test.autoconfigure.web.client.MockRestServiceServerResetTestExecutionListener, org.springframework.boot.test.autoconfigure.web.servlet.MockMvcPrintOnlyOnFailureTestExecutionListener, org.springframework.boot.test.autoconfigure.web.servlet.WebDriverTestExecutionListener, org.springframework.boot.test.autoconfigure.webservices.client.MockWebServiceServerTestExecutionListener, org.springframework.test.context.web.ServletTestExecutionListener, org.springframework.test.context.support.DirtiesContextBeforeModesTestExecutionListener, org.springframework.test.context.event.ApplicationEventsTestExecutionListener, org.springframework.test.context.support.DependencyInjectionTestExecutionListener, org.springframework.test.context.support.DirtiesContextTestExecutionListener, org.springframework.test.context.transaction.TransactionalTestExecutionListener, org.springframework.test.context.jdbc.SqlScriptsTestExecutionListener, org.springframework.test.context.event.EventPublishingTestExecutionListener]
2023-01-16 12:28:02.657  INFO 78 --- [           main] .b.t.c.SpringBootTestContextBootstrapper : Using TestExecutionListeners: [org.springframework.test.context.web.ServletTestExecutionListener@12f85dc8, org.springframework.test.context.support.DirtiesContextBeforeModesTestExecutionListener@474a63d9, org.springframework.test.context.event.ApplicationEventsTestExecutionListener@1b8d0c21, org.springframework.boot.test.mock.mockito.MockitoTestExecutionListener@54a04eae, org.springframework.boot.test.autoconfigure.SpringBootDependencyInjectionTestExecutionListener@4664fef, org.springframework.test.context.support.DirtiesContextTestExecutionListener@1026a011, org.springframework.test.context.transaction.TransactionalTestExecutionListener@63b95a30, org.springframework.test.context.jdbc.SqlScriptsTestExecutionListener@353aadd7, org.springframework.test.context.event.EventPublishingTestExecutionListener@39595a8, org.springframework.boot.test.mock.mockito.ResetMocksTestExecutionListener@26169be3, org.springframework.boot.test.autoconfigure.restdocs.RestDocsTestExecutionListener@f573dcb, org.springframework.boot.test.autoconfigure.web.client.MockRestServiceServerResetTestExecutionListener@6f636de3, org.springframework.boot.test.autoconfigure.web.servlet.MockMvcPrintOnlyOnFailureTestExecutionListener@40f49d72, org.springframework.boot.test.autoconfigure.web.servlet.WebDriverTestExecutionListener@522fdf0c, org.springframework.boot.test.autoconfigure.webservices.client.MockWebServiceServerTestExecutionListener@64a009e7]
[INFO] Tests run: 23, Failures: 0, Errors: 0, Skipped: 0, Time elapsed: 0.762 s - in com.feliiks.gardons.feliiks.gardons.services.ReservationServiceTests
[INFO] Running com.feliiks.gardons.feliiks.gardons.services.UserServiceTests
2023-01-16 12:28:03.387  INFO 78 --- [           main] .b.t.c.SpringBootTestContextBootstrapper : Neither @ContextConfiguration nor @ContextHierarchy found for test class [com.feliiks.gardons.feliiks.gardons.services.UserServiceTests], using SpringBootContextLoader
2023-01-16 12:28:03.392  INFO 78 --- [           main] o.s.t.c.support.AbstractContextLoader    : Could not detect default resource locations for test class [com.feliiks.gardons.feliiks.gardons.services.UserServiceTests]: no resource found for suffixes {-context.xml, Context.groovy}.
2023-01-16 12:28:03.396  INFO 78 --- [           main] t.c.s.AnnotationConfigContextLoaderUtils : Could not detect default configuration classes for test class [com.feliiks.gardons.feliiks.gardons.services.UserServiceTests]: UserServiceTests does not declare any static, non-private, non-final, nested classes annotated with @Configuration.
2023-01-16 12:28:03.402  INFO 78 --- [           main] .b.t.c.SpringBootTestContextBootstrapper : Found @SpringBootConfiguration com.feliiks.gardons.Application for test class com.feliiks.gardons.feliiks.gardons.services.UserServiceTests
2023-01-16 12:28:03.409  INFO 78 --- [           main] .b.t.c.SpringBootTestContextBootstrapper : Loaded default TestExecutionListener class names from location [META-INF/spring.factories]: [org.springframework.boot.test.mock.mockito.MockitoTestExecutionListener, org.springframework.boot.test.mock.mockito.ResetMocksTestExecutionListener, org.springframework.boot.test.autoconfigure.restdocs.RestDocsTestExecutionListener, org.springframework.boot.test.autoconfigure.web.client.MockRestServiceServerResetTestExecutionListener, org.springframework.boot.test.autoconfigure.web.servlet.MockMvcPrintOnlyOnFailureTestExecutionListener, org.springframework.boot.test.autoconfigure.web.servlet.WebDriverTestExecutionListener, org.springframework.boot.test.autoconfigure.webservices.client.MockWebServiceServerTestExecutionListener, org.springframework.test.context.web.ServletTestExecutionListener, org.springframework.test.context.support.DirtiesContextBeforeModesTestExecutionListener, org.springframework.test.context.event.ApplicationEventsTestExecutionListener, org.springframework.test.context.support.DependencyInjectionTestExecutionListener, org.springframework.test.context.support.DirtiesContextTestExecutionListener, org.springframework.test.context.transaction.TransactionalTestExecutionListener, org.springframework.test.context.jdbc.SqlScriptsTestExecutionListener, org.springframework.test.context.event.EventPublishingTestExecutionListener]
2023-01-16 12:28:03.410  INFO 78 --- [           main] .b.t.c.SpringBootTestContextBootstrapper : Using TestExecutionListeners: [org.springframework.test.context.web.ServletTestExecutionListener@219c32e3, org.springframework.test.context.support.DirtiesContextBeforeModesTestExecutionListener@fa3db48, org.springframework.test.context.event.ApplicationEventsTestExecutionListener@19158d56, org.springframework.boot.test.mock.mockito.MockitoTestExecutionListener@3f02dc34, org.springframework.boot.test.autoconfigure.SpringBootDependencyInjectionTestExecutionListener@7f49fa1d, org.springframework.test.context.support.DirtiesContextTestExecutionListener@6e211727, org.springframework.test.context.transaction.TransactionalTestExecutionListener@5b6b5888, org.springframework.test.context.jdbc.SqlScriptsTestExecutionListener@72a1ccad, org.springframework.test.context.event.EventPublishingTestExecutionListener@420849f6, org.springframework.boot.test.mock.mockito.ResetMocksTestExecutionListener@24f6f6bf, org.springframework.boot.test.autoconfigure.restdocs.RestDocsTestExecutionListener@255845b1, org.springframework.boot.test.autoconfigure.web.client.MockRestServiceServerResetTestExecutionListener@59e02113, org.springframework.boot.test.autoconfigure.web.servlet.MockMvcPrintOnlyOnFailureTestExecutionListener@59a79420, org.springframework.boot.test.autoconfigure.web.servlet.WebDriverTestExecutionListener@4a77d2a5, org.springframework.boot.test.autoconfigure.webservices.client.MockWebServiceServerTestExecutionListener@2de57397]
[INFO] Tests run: 17, Failures: 0, Errors: 0, Skipped: 0, Time elapsed: 1.058 s - in com.feliiks.gardons.feliiks.gardons.services.UserServiceTests
[INFO] Running com.feliiks.gardons.feliiks.gardons.services.LocationServiceTests
2023-01-16 12:28:04.464  INFO 78 --- [           main] .b.t.c.SpringBootTestContextBootstrapper : Neither @ContextConfiguration nor @ContextHierarchy found for test class [com.feliiks.gardons.feliiks.gardons.services.LocationServiceTests], using SpringBootContextLoader
2023-01-16 12:28:04.466  INFO 78 --- [           main] o.s.t.c.support.AbstractContextLoader    : Could not detect default resource locations for test class [com.feliiks.gardons.feliiks.gardons.services.LocationServiceTests]: no resource found for suffixes {-context.xml, Context.groovy}.
2023-01-16 12:28:04.472  INFO 78 --- [           main] t.c.s.AnnotationConfigContextLoaderUtils : Could not detect default configuration classes for test class [com.feliiks.gardons.feliiks.gardons.services.LocationServiceTests]: LocationServiceTests does not declare any static, non-private, non-final, nested classes annotated with @Configuration.
2023-01-16 12:28:04.474  INFO 78 --- [           main] .b.t.c.SpringBootTestContextBootstrapper : Found @SpringBootConfiguration com.feliiks.gardons.Application for test class com.feliiks.gardons.feliiks.gardons.services.LocationServiceTests
2023-01-16 12:28:04.478  INFO 78 --- [           main] .b.t.c.SpringBootTestContextBootstrapper : Loaded default TestExecutionListener class names from location [META-INF/spring.factories]: [org.springframework.boot.test.mock.mockito.MockitoTestExecutionListener, org.springframework.boot.test.mock.mockito.ResetMocksTestExecutionListener, org.springframework.boot.test.autoconfigure.restdocs.RestDocsTestExecutionListener, org.springframework.boot.test.autoconfigure.web.client.MockRestServiceServerResetTestExecutionListener, org.springframework.boot.test.autoconfigure.web.servlet.MockMvcPrintOnlyOnFailureTestExecutionListener, org.springframework.boot.test.autoconfigure.web.servlet.WebDriverTestExecutionListener, org.springframework.boot.test.autoconfigure.webservices.client.MockWebServiceServerTestExecutionListener, org.springframework.test.context.web.ServletTestExecutionListener, org.springframework.test.context.support.DirtiesContextBeforeModesTestExecutionListener, org.springframework.test.context.event.ApplicationEventsTestExecutionListener, org.springframework.test.context.support.DependencyInjectionTestExecutionListener, org.springframework.test.context.support.DirtiesContextTestExecutionListener, org.springframework.test.context.transaction.TransactionalTestExecutionListener, org.springframework.test.context.jdbc.SqlScriptsTestExecutionListener, org.springframework.test.context.event.EventPublishingTestExecutionListener]
2023-01-16 12:28:04.481  INFO 78 --- [           main] .b.t.c.SpringBootTestContextBootstrapper : Using TestExecutionListeners: [org.springframework.test.context.web.ServletTestExecutionListener@2d260f2a, org.springframework.test.context.support.DirtiesContextBeforeModesTestExecutionListener@79ac02a9, org.springframework.test.context.event.ApplicationEventsTestExecutionListener@2b8502e7, org.springframework.boot.test.mock.mockito.MockitoTestExecutionListener@37669c4, org.springframework.boot.test.autoconfigure.SpringBootDependencyInjectionTestExecutionListener@1e3469df, org.springframework.test.context.support.DirtiesContextTestExecutionListener@79499fa, org.springframework.test.context.transaction.TransactionalTestExecutionListener@48531d5, org.springframework.test.context.jdbc.SqlScriptsTestExecutionListener@340d50c8, org.springframework.test.context.event.EventPublishingTestExecutionListener@9cabd07, org.springframework.boot.test.mock.mockito.ResetMocksTestExecutionListener@2a32be8d, org.springframework.boot.test.autoconfigure.restdocs.RestDocsTestExecutionListener@7942987, org.springframework.boot.test.autoconfigure.web.client.MockRestServiceServerResetTestExecutionListener@5941a2ad, org.springframework.boot.test.autoconfigure.web.servlet.MockMvcPrintOnlyOnFailureTestExecutionListener@5bf1e07, org.springframework.boot.test.autoconfigure.web.servlet.WebDriverTestExecutionListener@3ac60eeb, org.springframework.boot.test.autoconfigure.webservices.client.MockWebServiceServerTestExecutionListener@1c38d025]
[INFO] Tests run: 14, Failures: 0, Errors: 0, Skipped: 0, Time elapsed: 0.366 s - in com.feliiks.gardons.feliiks.gardons.services.LocationServiceTests
2023-01-16 12:28:04.880  INFO 78 --- [ionShutdownHook] j.LocalContainerEntityManagerFactoryBean : Closing JPA EntityManagerFactory for persistence unit 'default'
2023-01-16 12:28:04.887  INFO 78 --- [ionShutdownHook] com.zaxxer.hikari.HikariDataSource       : HikariPool-1 - Shutdown initiated...
2023-01-16 12:28:05.826  INFO 78 --- [ionShutdownHook] com.zaxxer.hikari.HikariDataSource       : HikariPool-1 - Shutdown completed.
[INFO] 
[INFO] Results:
[INFO] 
[INFO] Tests run: 57, Failures: 0, Errors: 0, Skipped: 0
[INFO] 
[INFO] ------------------------------------------------------------------------
[INFO] BUILD SUCCESS
[INFO] ------------------------------------------------------------------------
[INFO] Total time:  01:06 min
[INFO] Finished at: 2023-01-16T12:28:06Z
[INFO] ------------------------------------------------------------------------
section_end:1673872086:step_script
[0Ksection_start:1673872086:cleanup_file_variables
[0K[0K[36;1mCleaning up project directory and file based variables[0;m[0;m
section_end:1673872087:cleanup_file_variables
[0K[32;1mJob succeeded[0;m